<?xml version="1.0" encoding="utf-8" standalone="no"?>
<!--This file represents the results of running a test suite-->
<test-results name="H:\sllabres\sllabres.nunit" total="1" errors="0" failures="0" not-run="0" inconclusive="0" ignored="0" skipped="0" invalid="0" date="2012-09-27" time="20:32:27">
  <environment nunit-version="2.6.1.12217" clr-version="2.0.50727.5456" os-version="Microsoft Windows NT 6.1.7601 Service Pack 1" platform="Win32NT" cwd="H:\Library\NUnit\bin" machine-name="LLABRES-01" user="Sebastian" user-domain="Llabres-01" />
  <culture-info current-culture="en-GB" current-uiculture="en-US" />
  <test-suite type="Project" name="H:\sllabres\sllabres.nunit" executed="True" result="Success" success="True" time="0.061" asserts="0">
    <results>
      <test-suite type="Assembly" name="H:\sllabres\Sllabres.Web.Test\bin\Debug\Sllabres.Web.Test.dll" executed="True" result="Success" success="True" time="0.042" asserts="0">
        <results>
          <test-suite type="Namespace" name="Sllabres" executed="True" result="Success" success="True" time="0.042" asserts="0">
            <results>
              <test-suite type="Namespace" name="Web" executed="True" result="Success" success="True" time="0.042" asserts="0">
                <results>
                  <test-suite type="Namespace" name="Test" executed="True" result="Success" success="True" time="0.042" asserts="0">
                    <results>
                      <test-suite type="TestFixture" name="FirstTest" executed="True" result="Success" success="True" time="0.039" asserts="0">
                        <results>
                          <test-case name="Sllabres.Web.Test.FirstTest.Test" executed="True" result="Success" success="True" time="0.026" asserts="1" />
                        </results>
                      </test-suite>
                    </results>
                  </test-suite>
                </results>
              </test-suite>
            </results>
          </test-suite>
        </results>
      </test-suite>
    </results>
  </test-suite>
</test-results>